data_in.shape  (2048, 8192)
data_out.shape (2048, 8192)
size of input:  217
[1. 0. 0. ... 0. 0. 1.]
x_train.shape:  torch.Size([1000, 1024, 4])
y_train.shape:  torch.Size([1000, 1024, 1])
In GeoFNO_train, ndim =  1
Epoch :  0 Train time :  0.7469383616000413  Rel. Train L2 Loss :  0.3510783886909485  Rel. Test L2 Loss :  0.13954227566719055  Test L2 Loss :  0.06649461328983307
Epoch :  10 Train time :  0.0710796139203012  Rel. Train L2 Loss :  0.013582826927304267  Rel. Test L2 Loss :  0.011797141060233116  Test L2 Loss :  0.005930885449051857
Epoch :  20 Train time :  0.07240674095228314  Rel. Train L2 Loss :  0.010502591073513031  Rel. Test L2 Loss :  0.011091336756944657  Test L2 Loss :  0.005119053423404693
Epoch :  30 Train time :  0.07104016616940498  Rel. Train L2 Loss :  0.010013744369149207  Rel. Test L2 Loss :  0.008192012086510658  Test L2 Loss :  0.004003314580768347
Epoch :  40 Train time :  0.07111322889104485  Rel. Train L2 Loss :  0.008871861770749091  Rel. Test L2 Loss :  0.010098223611712455  Test L2 Loss :  0.005064625628292561
Epoch :  50 Train time :  0.07096959920600057  Rel. Train L2 Loss :  0.008277083203196525  Rel. Test L2 Loss :  0.00613241545855999  Test L2 Loss :  0.0030052920803427694
Epoch :  60 Train time :  0.07230563992634416  Rel. Train L2 Loss :  0.009399393051862716  Rel. Test L2 Loss :  0.00785007245838642  Test L2 Loss :  0.0038571641966700554
Epoch :  70 Train time :  0.07102051116526127  Rel. Train L2 Loss :  0.008788047380745411  Rel. Test L2 Loss :  0.008097118139266968  Test L2 Loss :  0.0041416982561349866
Epoch :  80 Train time :  0.07109417673200369  Rel. Train L2 Loss :  0.007803890131413937  Rel. Test L2 Loss :  0.012481652796268464  Test L2 Loss :  0.005855574309825897
Epoch :  90 Train time :  0.07120405426248907  Rel. Train L2 Loss :  0.008361688539385796  Rel. Test L2 Loss :  0.009684158936142922  Test L2 Loss :  0.0042968766018748284
Epoch :  100 Train time :  0.07108502862975001  Rel. Train L2 Loss :  0.008437141373753548  Rel. Test L2 Loss :  0.009023146852850914  Test L2 Loss :  0.004312793016433716
Epoch :  110 Train time :  0.0711047968827188  Rel. Train L2 Loss :  0.012516268774867058  Rel. Test L2 Loss :  0.01071362242102623  Test L2 Loss :  0.0050689573213458065
Epoch :  120 Train time :  0.07100770445540547  Rel. Train L2 Loss :  0.007780963696539402  Rel. Test L2 Loss :  0.009648618772625923  Test L2 Loss :  0.004872677028179169
Epoch :  130 Train time :  0.07087033446878195  Rel. Train L2 Loss :  0.01086038801074028  Rel. Test L2 Loss :  0.007612476237118244  Test L2 Loss :  0.0039333696663379665
Epoch :  140 Train time :  0.07078049071133137  Rel. Train L2 Loss :  0.012400673225522041  Rel. Test L2 Loss :  0.010752137675881386  Test L2 Loss :  0.004621659256517887
Epoch :  150 Train time :  0.07086594039574265  Rel. Train L2 Loss :  0.010721535712480546  Rel. Test L2 Loss :  0.011353536173701287  Test L2 Loss :  0.005842796303331852
Epoch :  160 Train time :  0.07100433968007565  Rel. Train L2 Loss :  0.011309115901589393  Rel. Test L2 Loss :  0.011030406579375268  Test L2 Loss :  0.005601599216461182
Epoch :  170 Train time :  0.07097191335633397  Rel. Train L2 Loss :  0.008442640453577042  Rel. Test L2 Loss :  0.006138625666499138  Test L2 Loss :  0.003008326627314091
Epoch :  180 Train time :  0.07101368987932802  Rel. Train L2 Loss :  0.009821349062025546  Rel. Test L2 Loss :  0.013670593053102493  Test L2 Loss :  0.0065839897468686105
Epoch :  190 Train time :  0.07098960364237428  Rel. Train L2 Loss :  0.011420160502195359  Rel. Test L2 Loss :  0.009872265458106995  Test L2 Loss :  0.0048067885637283325
Epoch :  200 Train time :  0.07102548126131296  Rel. Train L2 Loss :  0.01000511185824871  Rel. Test L2 Loss :  0.00852361373603344  Test L2 Loss :  0.00408071082085371
Epoch :  210 Train time :  0.07101394776254892  Rel. Train L2 Loss :  0.009307436048984527  Rel. Test L2 Loss :  0.009425377994775773  Test L2 Loss :  0.004421246126294136
Epoch :  220 Train time :  0.07098021078854799  Rel. Train L2 Loss :  0.01059333273768425  Rel. Test L2 Loss :  0.008971863761544227  Test L2 Loss :  0.004489958062767982
Epoch :  230 Train time :  0.07106963051483035  Rel. Train L2 Loss :  0.012516436167061329  Rel. Test L2 Loss :  0.009881390929222108  Test L2 Loss :  0.00483703076839447
Epoch :  240 Train time :  0.07097505088895559  Rel. Train L2 Loss :  0.012608303129673004  Rel. Test L2 Loss :  0.015352699756622314  Test L2 Loss :  0.0070799125358462335
Epoch :  250 Train time :  0.07099196463823318  Rel. Train L2 Loss :  0.012064429834485054  Rel. Test L2 Loss :  0.013247192054986954  Test L2 Loss :  0.006127396821975708
Epoch :  260 Train time :  0.07099611591547728  Rel. Train L2 Loss :  0.009153932899236678  Rel. Test L2 Loss :  0.007880900353193283  Test L2 Loss :  0.0037538904137909414
Epoch :  270 Train time :  0.07117036432027816  Rel. Train L2 Loss :  0.011424455344676971  Rel. Test L2 Loss :  0.009168116450309753  Test L2 Loss :  0.004436433762311936
Epoch :  280 Train time :  0.07102161794900894  Rel. Train L2 Loss :  0.014507497504353524  Rel. Test L2 Loss :  0.01069746159017086  Test L2 Loss :  0.005184041596949101
Epoch :  290 Train time :  0.0709707284346223  Rel. Train L2 Loss :  0.009413148745894433  Rel. Test L2 Loss :  0.008516930863261224  Test L2 Loss :  0.004381392002105713
Epoch :  300 Train time :  0.07302468800917268  Rel. Train L2 Loss :  0.013549448609352113  Rel. Test L2 Loss :  0.006874877214431763  Test L2 Loss :  0.0032399739883840085
Epoch :  310 Train time :  0.07086579548195004  Rel. Train L2 Loss :  0.010752018958330155  Rel. Test L2 Loss :  0.008188381120562553  Test L2 Loss :  0.004269738420844078
Epoch :  320 Train time :  0.07102187648415566  Rel. Train L2 Loss :  0.010428610026836396  Rel. Test L2 Loss :  0.011469185054302215  Test L2 Loss :  0.005675559975206852
Epoch :  330 Train time :  0.07111464124172925  Rel. Train L2 Loss :  0.007717640593647957  Rel. Test L2 Loss :  0.008823900744318961  Test L2 Loss :  0.004349398538470268
Epoch :  340 Train time :  0.07095519993454218  Rel. Train L2 Loss :  0.010996510058641433  Rel. Test L2 Loss :  0.010048056840896607  Test L2 Loss :  0.004562043510377407
Epoch :  350 Train time :  0.07086764201521874  Rel. Train L2 Loss :  0.009189847961068153  Rel. Test L2 Loss :  0.01069371409714222  Test L2 Loss :  0.005358311608433724
Epoch :  360 Train time :  0.07101466320455074  Rel. Train L2 Loss :  0.00995280086249113  Rel. Test L2 Loss :  0.006955151557922363  Test L2 Loss :  0.0035313267633318903
Epoch :  370 Train time :  0.07094544302672148  Rel. Train L2 Loss :  0.010722751438617706  Rel. Test L2 Loss :  0.010357756316661835  Test L2 Loss :  0.004931555613875389
Epoch :  380 Train time :  0.0708327523432672  Rel. Train L2 Loss :  0.007212788075208664  Rel. Test L2 Loss :  0.007997726276516914  Test L2 Loss :  0.003872947208583355
Epoch :  390 Train time :  0.07088860645890235  Rel. Train L2 Loss :  0.009672113813459874  Rel. Test L2 Loss :  0.007877914011478424  Test L2 Loss :  0.0036180686578154565
Epoch :  400 Train time :  0.07087984755635261  Rel. Train L2 Loss :  0.007866306975483895  Rel. Test L2 Loss :  0.006242621093988419  Test L2 Loss :  0.003085908405482769
Epoch :  410 Train time :  0.0709005973301828  Rel. Train L2 Loss :  0.007882992334663868  Rel. Test L2 Loss :  0.005812787115573883  Test L2 Loss :  0.002972499392926693
Epoch :  420 Train time :  0.07101896991953253  Rel. Train L2 Loss :  0.008195657767355442  Rel. Test L2 Loss :  0.012230568453669549  Test L2 Loss :  0.005825444012880325
Epoch :  430 Train time :  0.07089760294184089  Rel. Train L2 Loss :  0.008549864187836646  Rel. Test L2 Loss :  0.005821174196898937  Test L2 Loss :  0.0028220182098448276
Epoch :  440 Train time :  0.07088839365169405  Rel. Train L2 Loss :  0.010846325129270553  Rel. Test L2 Loss :  0.01367240846157074  Test L2 Loss :  0.006372581981122494
Epoch :  450 Train time :  0.0710202993825078  Rel. Train L2 Loss :  0.0075973493382334705  Rel. Test L2 Loss :  0.0066031115874648095  Test L2 Loss :  0.003152860216796398
Epoch :  460 Train time :  0.07093972787261009  Rel. Train L2 Loss :  0.007003588631749153  Rel. Test L2 Loss :  0.0062951487302780156  Test L2 Loss :  0.0032224923744797705
Epoch :  470 Train time :  0.07094975793734193  Rel. Train L2 Loss :  0.006047212354838848  Rel. Test L2 Loss :  0.005665212534368038  Test L2 Loss :  0.0029374014399945734
Epoch :  480 Train time :  0.07084353240206838  Rel. Train L2 Loss :  0.006461750105023384  Rel. Test L2 Loss :  0.007553051933646202  Test L2 Loss :  0.003582202289253473
Epoch :  490 Train time :  0.0708233685232699  Rel. Train L2 Loss :  0.007506181508302689  Rel. Test L2 Loss :  0.00517740223556757  Test L2 Loss :  0.0026729017682373523
Epoch :  500 Train time :  0.07088757269084453  Rel. Train L2 Loss :  0.006803607389330864  Rel. Test L2 Loss :  0.005083016343414784  Test L2 Loss :  0.0026040480099618433
Epoch :  510 Train time :  0.0708209133706987  Rel. Train L2 Loss :  0.008812265895307064  Rel. Test L2 Loss :  0.006882188059389591  Test L2 Loss :  0.003539985753595829
Epoch :  520 Train time :  0.07089832471683621  Rel. Train L2 Loss :  0.008141330555081367  Rel. Test L2 Loss :  0.007914126664400101  Test L2 Loss :  0.0038768380880355837
Epoch :  530 Train time :  0.07099739033728839  Rel. Train L2 Loss :  0.006395003274083138  Rel. Test L2 Loss :  0.004885636903345585  Test L2 Loss :  0.002472255267202854
Epoch :  540 Train time :  0.07098312815651298  Rel. Train L2 Loss :  0.005608539417386055  Rel. Test L2 Loss :  0.004868163615465164  Test L2 Loss :  0.002728415485471487
Epoch :  550 Train time :  0.07091507110744714  Rel. Train L2 Loss :  0.006220899112522602  Rel. Test L2 Loss :  0.005835589915513992  Test L2 Loss :  0.002903472799807787
Epoch :  560 Train time :  0.07090931683778763  Rel. Train L2 Loss :  0.007312886692583561  Rel. Test L2 Loss :  0.006930734664201736  Test L2 Loss :  0.0037006874941289424
Epoch :  570 Train time :  0.0708908406086266  Rel. Train L2 Loss :  0.00789290165901184  Rel. Test L2 Loss :  0.007131552025675773  Test L2 Loss :  0.00360864132642746
Epoch :  580 Train time :  0.07090696888044476  Rel. Train L2 Loss :  0.005206580504775047  Rel. Test L2 Loss :  0.00578889962285757  Test L2 Loss :  0.002833340149372816
Epoch :  590 Train time :  0.07095036404207349  Rel. Train L2 Loss :  0.006988873481750488  Rel. Test L2 Loss :  0.007749856561422348  Test L2 Loss :  0.0035333870723843574
Epoch :  600 Train time :  0.07084727697074414  Rel. Train L2 Loss :  0.006117948055267334  Rel. Test L2 Loss :  0.006185493730008602  Test L2 Loss :  0.003130901623517275
Epoch :  610 Train time :  0.07102080779150129  Rel. Train L2 Loss :  0.006543192200362682  Rel. Test L2 Loss :  0.006301963031291962  Test L2 Loss :  0.0029171831347048283
Epoch :  620 Train time :  0.0708128685131669  Rel. Train L2 Loss :  0.005314229354262352  Rel. Test L2 Loss :  0.007283340618014336  Test L2 Loss :  0.0036640170589089392
Epoch :  630 Train time :  0.07059458512812852  Rel. Train L2 Loss :  0.006856782414019108  Rel. Test L2 Loss :  0.0049048434570431705  Test L2 Loss :  0.002468759659677744
Epoch :  640 Train time :  0.07076548235490918  Rel. Train L2 Loss :  0.006940642230212689  Rel. Test L2 Loss :  0.007375760450959206  Test L2 Loss :  0.0038230955600738526
Epoch :  650 Train time :  0.07083882801234723  Rel. Train L2 Loss :  0.006222191460430622  Rel. Test L2 Loss :  0.004743722043931484  Test L2 Loss :  0.0023257515579462053
Epoch :  660 Train time :  0.07069321442395449  Rel. Train L2 Loss :  0.004334907677024603  Rel. Test L2 Loss :  0.004885505922138691  Test L2 Loss :  0.002451976779848337
Epoch :  670 Train time :  0.07099373647943139  Rel. Train L2 Loss :  0.005557077251374722  Rel. Test L2 Loss :  0.004060162007808685  Test L2 Loss :  0.002151632169261575
Epoch :  680 Train time :  0.07090731570497155  Rel. Train L2 Loss :  0.004428041405975819  Rel. Test L2 Loss :  0.004480155259370804  Test L2 Loss :  0.002228188831359148
Epoch :  690 Train time :  0.07083899592980743  Rel. Train L2 Loss :  0.005126536138355732  Rel. Test L2 Loss :  0.005393140241503716  Test L2 Loss :  0.0030954009667038917
Epoch :  700 Train time :  0.07095362972468137  Rel. Train L2 Loss :  0.004153576537966728  Rel. Test L2 Loss :  0.004517331309616565  Test L2 Loss :  0.0021569554042071104
Epoch :  710 Train time :  0.07090571131557226  Rel. Train L2 Loss :  0.004648675888776779  Rel. Test L2 Loss :  0.004820633307099342  Test L2 Loss :  0.0024565938115119934
Epoch :  720 Train time :  0.07082073679193854  Rel. Train L2 Loss :  0.004253928668797016  Rel. Test L2 Loss :  0.0048411587625741955  Test L2 Loss :  0.0024407494999468325
Epoch :  730 Train time :  0.07089382577687502  Rel. Train L2 Loss :  0.0040651198439300065  Rel. Test L2 Loss :  0.004005678482353687  Test L2 Loss :  0.002202711775898933
Epoch :  740 Train time :  0.07074996437877416  Rel. Train L2 Loss :  0.003784054972231388  Rel. Test L2 Loss :  0.005273489430546761  Test L2 Loss :  0.002348392326384783
Epoch :  750 Train time :  0.07085133139044046  Rel. Train L2 Loss :  0.0039118101112544535  Rel. Test L2 Loss :  0.004914680942893029  Test L2 Loss :  0.0024230691976845267
Epoch :  760 Train time :  0.0711924853734672  Rel. Train L2 Loss :  0.004419649951159954  Rel. Test L2 Loss :  0.004237893931567669  Test L2 Loss :  0.0020856294967234136
Epoch :  770 Train time :  0.07229937501251697  Rel. Train L2 Loss :  0.004391948074102402  Rel. Test L2 Loss :  0.005645124986767769  Test L2 Loss :  0.002923604715615511
Epoch :  780 Train time :  0.07111350297927857  Rel. Train L2 Loss :  0.004607032433152199  Rel. Test L2 Loss :  0.004620830193161964  Test L2 Loss :  0.002372418865561485
Epoch :  790 Train time :  0.07077939007431269  Rel. Train L2 Loss :  0.003969340309500694  Rel. Test L2 Loss :  0.0035882940888404846  Test L2 Loss :  0.0017961954697966575
Epoch :  800 Train time :  0.07124784290790558  Rel. Train L2 Loss :  0.0036771312430500984  Rel. Test L2 Loss :  0.005503700822591781  Test L2 Loss :  0.002841765135526657
Epoch :  810 Train time :  0.07093283627182245  Rel. Train L2 Loss :  0.004218833807855845  Rel. Test L2 Loss :  0.004941043928265571  Test L2 Loss :  0.0025454584509134294
Epoch :  820 Train time :  0.07204221989959478  Rel. Train L2 Loss :  0.0031550241373479366  Rel. Test L2 Loss :  0.004042513892054558  Test L2 Loss :  0.0020444087777286768
Epoch :  830 Train time :  0.07094392525032163  Rel. Train L2 Loss :  0.004187421228736639  Rel. Test L2 Loss :  0.004694387875497341  Test L2 Loss :  0.002453753482550383
Epoch :  840 Train time :  0.07097851745784282  Rel. Train L2 Loss :  0.0041479989774525165  Rel. Test L2 Loss :  0.005274441130459309  Test L2 Loss :  0.0028227032721042634
Epoch :  850 Train time :  0.071050716470927  Rel. Train L2 Loss :  0.003286289196461439  Rel. Test L2 Loss :  0.0029180893674492837  Test L2 Loss :  0.0015041768085211516
Epoch :  860 Train time :  0.07074372451752424  Rel. Train L2 Loss :  0.0038467359207570552  Rel. Test L2 Loss :  0.005161924920976162  Test L2 Loss :  0.0024468788504600526
Epoch :  870 Train time :  0.0706321588717401  Rel. Train L2 Loss :  0.003093913618475199  Rel. Test L2 Loss :  0.0028164614737033844  Test L2 Loss :  0.001469267075881362
Epoch :  880 Train time :  0.07060808697715401  Rel. Train L2 Loss :  0.0034362732134759428  Rel. Test L2 Loss :  0.0035121513344347475  Test L2 Loss :  0.001860022060573101
Epoch :  890 Train time :  0.070681744068861  Rel. Train L2 Loss :  0.003187128860503435  Rel. Test L2 Loss :  0.0036574891954660417  Test L2 Loss :  0.0018353154603391885
Epoch :  900 Train time :  0.07081557279452681  Rel. Train L2 Loss :  0.0031506271213293077  Rel. Test L2 Loss :  0.004206044413149357  Test L2 Loss :  0.0020126844290643932
Epoch :  910 Train time :  0.07080726707354187  Rel. Train L2 Loss :  0.0025521365851163863  Rel. Test L2 Loss :  0.002451498508453369  Test L2 Loss :  0.001306767873466015
Epoch :  920 Train time :  0.07083816258236766  Rel. Train L2 Loss :  0.0026164636686444283  Rel. Test L2 Loss :  0.004103276915848255  Test L2 Loss :  0.002046336904168129
Epoch :  930 Train time :  0.07078725071623922  Rel. Train L2 Loss :  0.0030154632329940797  Rel. Test L2 Loss :  0.0032676892913877965  Test L2 Loss :  0.0016904191300272941
Epoch :  940 Train time :  0.07073007738217711  Rel. Train L2 Loss :  0.0029418727569282053  Rel. Test L2 Loss :  0.002869330383837223  Test L2 Loss :  0.0015462463442236186
Epoch :  950 Train time :  0.07078649904578924  Rel. Train L2 Loss :  0.002894961889833212  Rel. Test L2 Loss :  0.0026733389683067797  Test L2 Loss :  0.0013829162530601025
Epoch :  960 Train time :  0.07068120101466775  Rel. Train L2 Loss :  0.0026902064941823484  Rel. Test L2 Loss :  0.0032086208648979663  Test L2 Loss :  0.0016628830414265395
Epoch :  970 Train time :  0.07070241812616587  Rel. Train L2 Loss :  0.0029230588227510453  Rel. Test L2 Loss :  0.0028395904414355755  Test L2 Loss :  0.0014771950524300338
Epoch :  980 Train time :  0.07061970243230462  Rel. Train L2 Loss :  0.0024758084788918497  Rel. Test L2 Loss :  0.0027135000936686993  Test L2 Loss :  0.0014199565071612596
Epoch :  990 Train time :  0.0708495706319809  Rel. Train L2 Loss :  0.0025111397467553614  Rel. Test L2 Loss :  0.0030289346538484095  Test L2 Loss :  0.0014824431389570236
Epoch :  1000 Train time :  0.07075819224119187  Rel. Train L2 Loss :  0.002322171725332737  Rel. Test L2 Loss :  0.0033459052816033363  Test L2 Loss :  0.0016841654293239118
Epoch :  1010 Train time :  0.07098138760775327  Rel. Train L2 Loss :  0.002177666552364826  Rel. Test L2 Loss :  0.0024489543586969378  Test L2 Loss :  0.0012767529394477606
Epoch :  1020 Train time :  0.07078817980363965  Rel. Train L2 Loss :  0.002277276560664177  Rel. Test L2 Loss :  0.00227537851780653  Test L2 Loss :  0.0011669989675283433
Epoch :  1030 Train time :  0.0719423563219607  Rel. Train L2 Loss :  0.002028490126132965  Rel. Test L2 Loss :  0.00212921978905797  Test L2 Loss :  0.001136109372600913
Epoch :  1040 Train time :  0.07109065558761359  Rel. Train L2 Loss :  0.002194904997944832  Rel. Test L2 Loss :  0.0026497524231672287  Test L2 Loss :  0.0013718753959983587
Epoch :  1050 Train time :  0.07100499141961336  Rel. Train L2 Loss :  0.0022127040103077887  Rel. Test L2 Loss :  0.0024399228394031526  Test L2 Loss :  0.0012547090929001569
Epoch :  1060 Train time :  0.07070535188540816  Rel. Train L2 Loss :  0.0021593831162899733  Rel. Test L2 Loss :  0.0022611414082348348  Test L2 Loss :  0.0011973423324525357
Epoch :  1070 Train time :  0.07092645475640894  Rel. Train L2 Loss :  0.001856287183240056  Rel. Test L2 Loss :  0.0020647158287465574  Test L2 Loss :  0.0010791901405900718
Epoch :  1080 Train time :  0.07086291126906871  Rel. Train L2 Loss :  0.0020064913351088764  Rel. Test L2 Loss :  0.0022633433528244495  Test L2 Loss :  0.0011414610035717487
Epoch :  1090 Train time :  0.07184045119211077  Rel. Train L2 Loss :  0.0018324731793254614  Rel. Test L2 Loss :  0.0023035441711544992  Test L2 Loss :  0.0011936035938560964
Epoch :  1100 Train time :  0.07086229007691144  Rel. Train L2 Loss :  0.0017525871638208628  Rel. Test L2 Loss :  0.0022902165725827216  Test L2 Loss :  0.0012586261797696353
Epoch :  1110 Train time :  0.07073420463129879  Rel. Train L2 Loss :  0.0020472919791936876  Rel. Test L2 Loss :  0.002133492175489664  Test L2 Loss :  0.001132019069045782
Epoch :  1120 Train time :  0.07076586969196796  Rel. Train L2 Loss :  0.0017165768146514893  Rel. Test L2 Loss :  0.0021666069515049458  Test L2 Loss :  0.0011016364954411983
Epoch :  1130 Train time :  0.07182522239163518  Rel. Train L2 Loss :  0.0017209254801273347  Rel. Test L2 Loss :  0.0021867255680263044  Test L2 Loss :  0.0011339237727224826
Epoch :  1140 Train time :  0.07114098854362964  Rel. Train L2 Loss :  0.0016350682321935892  Rel. Test L2 Loss :  0.0020428078062832357  Test L2 Loss :  0.001072258767671883
Epoch :  1150 Train time :  0.07105766758322715  Rel. Train L2 Loss :  0.0018415018748492002  Rel. Test L2 Loss :  0.0024248997308313845  Test L2 Loss :  0.001252214377745986
Epoch :  1160 Train time :  0.07115217121317982  Rel. Train L2 Loss :  0.0016169094089418649  Rel. Test L2 Loss :  0.0017537546809762716  Test L2 Loss :  0.0009194865450263024
Epoch :  1170 Train time :  0.07070654956623912  Rel. Train L2 Loss :  0.0016537738852202893  Rel. Test L2 Loss :  0.002031993791460991  Test L2 Loss :  0.0010616973927244544
Epoch :  1180 Train time :  0.07094000121578574  Rel. Train L2 Loss :  0.0015321738198399543  Rel. Test L2 Loss :  0.002007959447801113  Test L2 Loss :  0.0010316872736439108
Epoch :  1190 Train time :  0.07122715543955564  Rel. Train L2 Loss :  0.0014773177448660136  Rel. Test L2 Loss :  0.0018282216414809227  Test L2 Loss :  0.0009664536546915769
Epoch :  1200 Train time :  0.07159614013507962  Rel. Train L2 Loss :  0.001461238658055663  Rel. Test L2 Loss :  0.0017168667260557414  Test L2 Loss :  0.0009102042019367218
Epoch :  1210 Train time :  0.0721419595181942  Rel. Train L2 Loss :  0.0015802043955773116  Rel. Test L2 Loss :  0.002133042924106121  Test L2 Loss :  0.001071127951145172
Epoch :  1220 Train time :  0.07071065288037062  Rel. Train L2 Loss :  0.0014444668758660554  Rel. Test L2 Loss :  0.0018558516912162305  Test L2 Loss :  0.0009817854734137654
Epoch :  1230 Train time :  0.07063976051285863  Rel. Train L2 Loss :  0.0013764970768243075  Rel. Test L2 Loss :  0.0017012105509638786  Test L2 Loss :  0.0009039997449144721
Epoch :  1240 Train time :  0.07073727371171117  Rel. Train L2 Loss :  0.0014931369330734015  Rel. Test L2 Loss :  0.0017924683913588524  Test L2 Loss :  0.0009301362698897719
Epoch :  1250 Train time :  0.07066394416615367  Rel. Train L2 Loss :  0.0013761754371225835  Rel. Test L2 Loss :  0.0017524069361388684  Test L2 Loss :  0.0009117371728643775
Epoch :  1260 Train time :  0.07066753804683686  Rel. Train L2 Loss :  0.0012774971127510071  Rel. Test L2 Loss :  0.0016694093309342862  Test L2 Loss :  0.0008689207257702947
Epoch :  1270 Train time :  0.07073570974171162  Rel. Train L2 Loss :  0.0012489259205758572  Rel. Test L2 Loss :  0.0016424016933888196  Test L2 Loss :  0.0008634453313425183
Epoch :  1280 Train time :  0.07070526788011193  Rel. Train L2 Loss :  0.00133256677351892  Rel. Test L2 Loss :  0.0016881520487368106  Test L2 Loss :  0.000882590594701469
Epoch :  1290 Train time :  0.07072868421673775  Rel. Train L2 Loss :  0.0013068166300654412  Rel. Test L2 Loss :  0.0016548535507172346  Test L2 Loss :  0.0008853029645979404
Epoch :  1300 Train time :  0.07075080340728164  Rel. Train L2 Loss :  0.0011749206073582172  Rel. Test L2 Loss :  0.0015926659014075994  Test L2 Loss :  0.0008339085942134261
Epoch :  1310 Train time :  0.07068504355847835  Rel. Train L2 Loss :  0.0011665428075939416  Rel. Test L2 Loss :  0.001549386763945222  Test L2 Loss :  0.0008086965139955282
Epoch :  1320 Train time :  0.07069494789466262  Rel. Train L2 Loss :  0.001154952121898532  Rel. Test L2 Loss :  0.0016106127947568894  Test L2 Loss :  0.0008452690253034234
Epoch :  1330 Train time :  0.07077504601329565  Rel. Train L2 Loss :  0.0011574327070266008  Rel. Test L2 Loss :  0.0016163434647023679  Test L2 Loss :  0.0008566268905997276
Epoch :  1340 Train time :  0.07070053163915872  Rel. Train L2 Loss :  0.001161938915029168  Rel. Test L2 Loss :  0.0015242347959429025  Test L2 Loss :  0.0008067862084135413
Epoch :  1350 Train time :  0.07072446998208762  Rel. Train L2 Loss :  0.0010895306877791882  Rel. Test L2 Loss :  0.0014770752191543579  Test L2 Loss :  0.0007764415116980672
Epoch :  1360 Train time :  0.07074562311172486  Rel. Train L2 Loss :  0.0010869494527578354  Rel. Test L2 Loss :  0.0015117893926799297  Test L2 Loss :  0.0007974795578047633
Epoch :  1370 Train time :  0.07069428516551853  Rel. Train L2 Loss :  0.001083623243495822  Rel. Test L2 Loss :  0.001508414251729846  Test L2 Loss :  0.0007921293424442411
Epoch :  1380 Train time :  0.07068860465660691  Rel. Train L2 Loss :  0.00105542653799057  Rel. Test L2 Loss :  0.0015286713745445012  Test L2 Loss :  0.0008185629639774561
Epoch :  1390 Train time :  0.0707016758620739  Rel. Train L2 Loss :  0.0010480303410440683  Rel. Test L2 Loss :  0.001476496011018753  Test L2 Loss :  0.0007820201013237237
Epoch :  1400 Train time :  0.0707101927138865  Rel. Train L2 Loss :  0.0010386349391192198  Rel. Test L2 Loss :  0.0014640924986451865  Test L2 Loss :  0.0007728652795776725
Epoch :  1410 Train time :  0.07076714644208551  Rel. Train L2 Loss :  0.0010495235025882721  Rel. Test L2 Loss :  0.001491496292874217  Test L2 Loss :  0.0007835384272038936
Epoch :  1420 Train time :  0.0709455817937851  Rel. Train L2 Loss :  0.0010243448745459317  Rel. Test L2 Loss :  0.0014483962580561637  Test L2 Loss :  0.0007626148546114564
Epoch :  1430 Train time :  0.0709267388097942  Rel. Train L2 Loss :  0.001005904085934162  Rel. Test L2 Loss :  0.001447422867640853  Test L2 Loss :  0.0007619311148300767
Epoch :  1440 Train time :  0.0709827996790409  Rel. Train L2 Loss :  0.0010062811402603985  Rel. Test L2 Loss :  0.0014317466970533133  Test L2 Loss :  0.0007582168094813823
Epoch :  1450 Train time :  0.07094398206099868  Rel. Train L2 Loss :  0.000994021363556385  Rel. Test L2 Loss :  0.0014382696151733398  Test L2 Loss :  0.000761657590046525
Epoch :  1460 Train time :  0.0709686920978129  Rel. Train L2 Loss :  0.0009839204307645559  Rel. Test L2 Loss :  0.001424675425514579  Test L2 Loss :  0.0007563650282099843
Epoch :  1470 Train time :  0.0708297984674573  Rel. Train L2 Loss :  0.0009871368911117315  Rel. Test L2 Loss :  0.0014298451226204634  Test L2 Loss :  0.0007550925994291902
Epoch :  1480 Train time :  0.07077970411628484  Rel. Train L2 Loss :  0.0009798167683184146  Rel. Test L2 Loss :  0.0014208925142884254  Test L2 Loss :  0.0007524759555235505
Epoch :  1490 Train time :  0.07067296225577593  Rel. Train L2 Loss :  0.0009807507591322064  Rel. Test L2 Loss :  0.0014238052628934383  Test L2 Loss :  0.0007552033802494406
Epoch :  1499 Train time :  0.070655732229352  Rel. Train L2 Loss :  0.000981684923171997  Rel. Test L2 Loss :  0.0014295616466552018  Test L2 Loss :  0.0007565451366826892
