data_in.shape  (2048, 8192)
data_out.shape (2048, 8192)
size of input:  487
[1 1 1 ... 0 0 1]
x_train.shape:  torch.Size([1000, 1024, 4])
y_train.shape:  torch.Size([1000, 1024, 1])
In GeoFNO_train, ndim =  1
Epoch :  0 Train time :  0.9968554602004588  Rel. Train L2 Loss :  0.29126047468185423  Rel. Test L2 Loss :  0.12930793642997743  Test L2 Loss :  0.0650607043504715
Epoch :  10 Train time :  0.0757534277625382  Rel. Train L2 Loss :  0.013445277944207192  Rel. Test L2 Loss :  0.016137219369411468  Test L2 Loss :  0.0074293681979179385
Epoch :  20 Train time :  0.07580039836466312  Rel. Train L2 Loss :  0.009533219173550605  Rel. Test L2 Loss :  0.008891219571232796  Test L2 Loss :  0.0045207544416189195
Epoch :  30 Train time :  0.0756904031150043  Rel. Train L2 Loss :  0.008873825907707215  Rel. Test L2 Loss :  0.01466165378689766  Test L2 Loss :  0.006491740457713604
Epoch :  40 Train time :  0.07574483277276159  Rel. Train L2 Loss :  0.010788179397583008  Rel. Test L2 Loss :  0.00975212775170803  Test L2 Loss :  0.004399940147995949
Epoch :  50 Train time :  0.0757973799481988  Rel. Train L2 Loss :  0.011548117436468601  Rel. Test L2 Loss :  0.011282124370336533  Test L2 Loss :  0.0050043599680066105
Epoch :  60 Train time :  0.07572483401745558  Rel. Train L2 Loss :  0.011122832372784615  Rel. Test L2 Loss :  0.010923806875944138  Test L2 Loss :  0.0054172597452998164
Epoch :  70 Train time :  0.07571275681257247  Rel. Train L2 Loss :  0.008468914195895195  Rel. Test L2 Loss :  0.008910889849066734  Test L2 Loss :  0.004308823198080063
Epoch :  80 Train time :  0.07574415877461434  Rel. Train L2 Loss :  0.012610798552632332  Rel. Test L2 Loss :  0.009312675669789314  Test L2 Loss :  0.004380750581622124
Epoch :  90 Train time :  0.07570175370201468  Rel. Train L2 Loss :  0.012645872339606285  Rel. Test L2 Loss :  0.013159930184483528  Test L2 Loss :  0.005855358950793743
Epoch :  100 Train time :  0.07559980638325214  Rel. Train L2 Loss :  0.012903830215334892  Rel. Test L2 Loss :  0.017220224291086196  Test L2 Loss :  0.009052747040987014
Epoch :  110 Train time :  0.07567618796601891  Rel. Train L2 Loss :  0.012888049840927123  Rel. Test L2 Loss :  0.0146122844517231  Test L2 Loss :  0.006787864491343498
Epoch :  120 Train time :  0.07564595807343721  Rel. Train L2 Loss :  0.013590614095330238  Rel. Test L2 Loss :  0.010110911056399345  Test L2 Loss :  0.004897294454276562
Epoch :  130 Train time :  0.07563886921852828  Rel. Train L2 Loss :  0.010997927069664001  Rel. Test L2 Loss :  0.014455097019672394  Test L2 Loss :  0.007443980649113655
Epoch :  140 Train time :  0.07566133858636022  Rel. Train L2 Loss :  0.013636483296751977  Rel. Test L2 Loss :  0.01184613347053528  Test L2 Loss :  0.005479273125529289
Epoch :  150 Train time :  0.07568729724735021  Rel. Train L2 Loss :  0.012328767567873001  Rel. Test L2 Loss :  0.017175682485103608  Test L2 Loss :  0.008202732056379319
Epoch :  160 Train time :  0.07563044484704733  Rel. Train L2 Loss :  0.013511678233742714  Rel. Test L2 Loss :  0.00998839721083641  Test L2 Loss :  0.004822835698723793
Epoch :  170 Train time :  0.07567358193919063  Rel. Train L2 Loss :  0.01215020415186882  Rel. Test L2 Loss :  0.011415501311421394  Test L2 Loss :  0.00542347751557827
Epoch :  180 Train time :  0.07566249407827855  Rel. Train L2 Loss :  0.015196389108896256  Rel. Test L2 Loss :  0.01629432424902916  Test L2 Loss :  0.007544541507959366
Epoch :  190 Train time :  0.07567133828997612  Rel. Train L2 Loss :  0.012839127406477928  Rel. Test L2 Loss :  0.013439822643995285  Test L2 Loss :  0.006496664397418499
Epoch :  200 Train time :  0.075630659237504  Rel. Train L2 Loss :  0.011447929963469505  Rel. Test L2 Loss :  0.010899963602423669  Test L2 Loss :  0.005089057646691799
Epoch :  210 Train time :  0.07569674635306001  Rel. Train L2 Loss :  0.011979913473129272  Rel. Test L2 Loss :  0.010941355153918267  Test L2 Loss :  0.005281025804579258
Epoch :  220 Train time :  0.07568415189161896  Rel. Train L2 Loss :  0.01563559964299202  Rel. Test L2 Loss :  0.009373246058821678  Test L2 Loss :  0.004532190822064876
Epoch :  230 Train time :  0.07574314000084996  Rel. Train L2 Loss :  0.01093399277329445  Rel. Test L2 Loss :  0.013835464417934418  Test L2 Loss :  0.006704824678599834
Epoch :  240 Train time :  0.0756563127040863  Rel. Train L2 Loss :  0.011238126412034035  Rel. Test L2 Loss :  0.008750758022069932  Test L2 Loss :  0.0041810815781354906
Epoch :  250 Train time :  0.07568518593907356  Rel. Train L2 Loss :  0.009755264952778816  Rel. Test L2 Loss :  0.017328055799007414  Test L2 Loss :  0.007467326670885086
Epoch :  260 Train time :  0.07560111470520496  Rel. Train L2 Loss :  0.009626633100211621  Rel. Test L2 Loss :  0.012830534130334853  Test L2 Loss :  0.006210101470351219
Epoch :  270 Train time :  0.07565586157143116  Rel. Train L2 Loss :  0.010149080410599708  Rel. Test L2 Loss :  0.012767779156565667  Test L2 Loss :  0.0061623815447092055
Epoch :  280 Train time :  0.0756017105653882  Rel. Train L2 Loss :  0.008275113761425019  Rel. Test L2 Loss :  0.007500215619802475  Test L2 Loss :  0.0037754208222031595
Epoch :  290 Train time :  0.07575694033876061  Rel. Train L2 Loss :  0.00874367517977953  Rel. Test L2 Loss :  0.007948295772075653  Test L2 Loss :  0.0038041743636131288
Epoch :  300 Train time :  0.07563889529556037  Rel. Train L2 Loss :  0.011846133217215537  Rel. Test L2 Loss :  0.014287513494491578  Test L2 Loss :  0.006909657828509807
Epoch :  310 Train time :  0.07519382918253541  Rel. Train L2 Loss :  0.007554000794887543  Rel. Test L2 Loss :  0.006097108647227287  Test L2 Loss :  0.0032940953224897384
Epoch :  320 Train time :  0.0752006690017879  Rel. Train L2 Loss :  0.008845964416861534  Rel. Test L2 Loss :  0.009728453829884529  Test L2 Loss :  0.005331185981631279
Epoch :  330 Train time :  0.07521278578788042  Rel. Train L2 Loss :  0.007937649309635163  Rel. Test L2 Loss :  0.015145905315876007  Test L2 Loss :  0.008576732240617274
Epoch :  340 Train time :  0.0751989576034248  Rel. Train L2 Loss :  0.00806247153133154  Rel. Test L2 Loss :  0.01053632639348507  Test L2 Loss :  0.004805629663169384
Epoch :  350 Train time :  0.07520147478207946  Rel. Train L2 Loss :  0.009100187063217163  Rel. Test L2 Loss :  0.008851026371121406  Test L2 Loss :  0.004505472145974636
Epoch :  360 Train time :  0.07518531698733569  Rel. Train L2 Loss :  0.009529181890189647  Rel. Test L2 Loss :  0.012517574205994607  Test L2 Loss :  0.006388194225728512
Epoch :  370 Train time :  0.07522031785920262  Rel. Train L2 Loss :  0.006533373393118382  Rel. Test L2 Loss :  0.0050807583704590795  Test L2 Loss :  0.0024059403873980044
Epoch :  380 Train time :  0.07538700085133314  Rel. Train L2 Loss :  0.00661988303810358  Rel. Test L2 Loss :  0.005154350474476814  Test L2 Loss :  0.0027075075916945936
Epoch :  390 Train time :  0.07527461005374789  Rel. Train L2 Loss :  0.00597621862590313  Rel. Test L2 Loss :  0.006569769009947777  Test L2 Loss :  0.003246385958045721
Epoch :  400 Train time :  0.07526418725028634  Rel. Train L2 Loss :  0.006257449768483639  Rel. Test L2 Loss :  0.00622997522354126  Test L2 Loss :  0.0031242671236395834
Epoch :  410 Train time :  0.07537844935432077  Rel. Train L2 Loss :  0.005685074806213379  Rel. Test L2 Loss :  0.007034751549363136  Test L2 Loss :  0.003313453905284405
Epoch :  420 Train time :  0.07516106013208627  Rel. Train L2 Loss :  0.005806369677186013  Rel. Test L2 Loss :  0.005418473221361637  Test L2 Loss :  0.0028185689635574817
Epoch :  430 Train time :  0.07521678656339645  Rel. Train L2 Loss :  0.007115988373756409  Rel. Test L2 Loss :  0.004993852861225605  Test L2 Loss :  0.00256846446543932
Epoch :  440 Train time :  0.07516896231099963  Rel. Train L2 Loss :  0.007908979631960392  Rel. Test L2 Loss :  0.008577583506703377  Test L2 Loss :  0.0038887984305620194
Epoch :  450 Train time :  0.07525470098480583  Rel. Train L2 Loss :  0.0060397439673542976  Rel. Test L2 Loss :  0.005453892499208451  Test L2 Loss :  0.00280643243342638
Epoch :  460 Train time :  0.07524240063503385  Rel. Train L2 Loss :  0.007267242021858692  Rel. Test L2 Loss :  0.004660308174788952  Test L2 Loss :  0.0024500977247953414
Epoch :  470 Train time :  0.07524354308843613  Rel. Train L2 Loss :  0.005655168183147907  Rel. Test L2 Loss :  0.004113310799002647  Test L2 Loss :  0.0022067634761333468
Epoch :  480 Train time :  0.07528200782835484  Rel. Train L2 Loss :  0.004682718731462955  Rel. Test L2 Loss :  0.004971997328102589  Test L2 Loss :  0.0024685147404670716
Epoch :  490 Train time :  0.07564093256369234  Rel. Train L2 Loss :  0.004645490426570177  Rel. Test L2 Loss :  0.006794390678405762  Test L2 Loss :  0.0035081348568201066
Epoch :  500 Train time :  0.07560909381136298  Rel. Train L2 Loss :  0.0051843288317322735  Rel. Test L2 Loss :  0.00356022035703063  Test L2 Loss :  0.0018767457362264394
Epoch :  510 Train time :  0.07567170253023506  Rel. Train L2 Loss :  0.0051849914938211445  Rel. Test L2 Loss :  0.0053412805125117304  Test L2 Loss :  0.0026694504730403424
Epoch :  520 Train time :  0.07565555516630411  Rel. Train L2 Loss :  0.004703276786953211  Rel. Test L2 Loss :  0.0055295307934284214  Test L2 Loss :  0.0028539479337632654
Epoch :  530 Train time :  0.07561753476038575  Rel. Train L2 Loss :  0.004573047935962677  Rel. Test L2 Loss :  0.004057982787489891  Test L2 Loss :  0.0020433967746794224
Epoch :  540 Train time :  0.0756650110706687  Rel. Train L2 Loss :  0.0040151883810758595  Rel. Test L2 Loss :  0.004019127376377583  Test L2 Loss :  0.002005433216691017
Epoch :  550 Train time :  0.07569646500051022  Rel. Train L2 Loss :  0.0036317395903170107  Rel. Test L2 Loss :  0.004591624848544597  Test L2 Loss :  0.0024763411842286588
Epoch :  560 Train time :  0.07567258765920996  Rel. Train L2 Loss :  0.0032226580008864404  Rel. Test L2 Loss :  0.0030373260751366616  Test L2 Loss :  0.0015551839116960764
Epoch :  570 Train time :  0.075641711615026  Rel. Train L2 Loss :  0.004051981657743454  Rel. Test L2 Loss :  0.0035779465921223163  Test L2 Loss :  0.0018554040789604187
Epoch :  580 Train time :  0.07567054601386189  Rel. Train L2 Loss :  0.0036540115475654604  Rel. Test L2 Loss :  0.0038656739145517347  Test L2 Loss :  0.0019759062677621843
Epoch :  590 Train time :  0.07555514108389616  Rel. Train L2 Loss :  0.0030070551745593546  Rel. Test L2 Loss :  0.0028157584182918072  Test L2 Loss :  0.0015318167395889759
Epoch :  600 Train time :  0.07563126869499684  Rel. Train L2 Loss :  0.0034814833365380765  Rel. Test L2 Loss :  0.0026707668229937554  Test L2 Loss :  0.0014169485587626695
Epoch :  610 Train time :  0.07563544958829879  Rel. Train L2 Loss :  0.002754842519760132  Rel. Test L2 Loss :  0.0027263468690216543  Test L2 Loss :  0.0015291807800531388
Epoch :  620 Train time :  0.07567720068618655  Rel. Train L2 Loss :  0.0037924846820533275  Rel. Test L2 Loss :  0.003102055210620165  Test L2 Loss :  0.0016783212404698133
Epoch :  630 Train time :  0.0755863631144166  Rel. Train L2 Loss :  0.0027825984470546245  Rel. Test L2 Loss :  0.0027552589215338232  Test L2 Loss :  0.0014159056171774865
Epoch :  640 Train time :  0.075613749679178  Rel. Train L2 Loss :  0.002258386131376028  Rel. Test L2 Loss :  0.002145281322300434  Test L2 Loss :  0.0012200912134721876
Epoch :  650 Train time :  0.07563755325973034  Rel. Train L2 Loss :  0.0023166186772286892  Rel. Test L2 Loss :  0.003325348012149334  Test L2 Loss :  0.0018643757607787847
Epoch :  660 Train time :  0.07563812909647823  Rel. Train L2 Loss :  0.002208171870559454  Rel. Test L2 Loss :  0.0027149488031864167  Test L2 Loss :  0.0014939582254737615
Epoch :  670 Train time :  0.07569117089733482  Rel. Train L2 Loss :  0.0024837936833500864  Rel. Test L2 Loss :  0.0022046790085732937  Test L2 Loss :  0.0011418835446238519
Epoch :  680 Train time :  0.07570474166423083  Rel. Train L2 Loss :  0.002323747031390667  Rel. Test L2 Loss :  0.0024292448349297045  Test L2 Loss :  0.0012613500840961934
Epoch :  690 Train time :  0.0756856795400381  Rel. Train L2 Loss :  0.001974376007914543  Rel. Test L2 Loss :  0.0027227116376161574  Test L2 Loss :  0.0015107086580246688
Epoch :  700 Train time :  0.0756827431730926  Rel. Train L2 Loss :  0.001954529419541359  Rel. Test L2 Loss :  0.0019549068622291086  Test L2 Loss :  0.0010455896332859994
Epoch :  710 Train time :  0.0757417312823236  Rel. Train L2 Loss :  0.001635739404708147  Rel. Test L2 Loss :  0.0022284482419490815  Test L2 Loss :  0.0011606234218925237
Epoch :  720 Train time :  0.07567592468112708  Rel. Train L2 Loss :  0.0014752658456563949  Rel. Test L2 Loss :  0.0017035298608243466  Test L2 Loss :  0.0009299133066087962
Epoch :  730 Train time :  0.07556994697079063  Rel. Train L2 Loss :  0.0019431111812591552  Rel. Test L2 Loss :  0.0018759578932076692  Test L2 Loss :  0.0010641029616817832
Epoch :  740 Train time :  0.07578736012801528  Rel. Train L2 Loss :  0.0015974799357354641  Rel. Test L2 Loss :  0.0017328270524740218  Test L2 Loss :  0.0009548364719375968
Epoch :  750 Train time :  0.07570443274453283  Rel. Train L2 Loss :  0.001525789763778448  Rel. Test L2 Loss :  0.0016011814959347248  Test L2 Loss :  0.000903370687738061
Epoch :  760 Train time :  0.07568998923525214  Rel. Train L2 Loss :  0.0014254335425794124  Rel. Test L2 Loss :  0.0017194288689643144  Test L2 Loss :  0.0009308390645310282
Epoch :  770 Train time :  0.07569931922480463  Rel. Train L2 Loss :  0.0011581586375832558  Rel. Test L2 Loss :  0.0014426983986049891  Test L2 Loss :  0.0008234568545594811
Epoch :  780 Train time :  0.07564516896381974  Rel. Train L2 Loss :  0.0013250439129769802  Rel. Test L2 Loss :  0.0017811247799545526  Test L2 Loss :  0.0010090384306386112
Epoch :  790 Train time :  0.07570288525894284  Rel. Train L2 Loss :  0.0011474130973219872  Rel. Test L2 Loss :  0.0013123369496315718  Test L2 Loss :  0.000788236022926867
Epoch :  800 Train time :  0.07572919316589832  Rel. Train L2 Loss :  0.0011222751419991254  Rel. Test L2 Loss :  0.001395544484257698  Test L2 Loss :  0.0008015885064378381
Epoch :  810 Train time :  0.0756578410975635  Rel. Train L2 Loss :  0.0009989799708127974  Rel. Test L2 Loss :  0.0012198790349066257  Test L2 Loss :  0.0007309061102569103
Epoch :  820 Train time :  0.07569363536313176  Rel. Train L2 Loss :  0.001018491357564926  Rel. Test L2 Loss :  0.001368344584479928  Test L2 Loss :  0.0008223082730546594
Epoch :  830 Train time :  0.07569663487374782  Rel. Train L2 Loss :  0.0009436346711590886  Rel. Test L2 Loss :  0.0011108805611729621  Test L2 Loss :  0.0006687888037413359
Epoch :  840 Train time :  0.07569649163633585  Rel. Train L2 Loss :  0.0009336635228246451  Rel. Test L2 Loss :  0.0014504159521311522  Test L2 Loss :  0.0008516906388103962
Epoch :  850 Train time :  0.07569135809317232  Rel. Train L2 Loss :  0.0007414784012362361  Rel. Test L2 Loss :  0.001085592955350876  Test L2 Loss :  0.0006623058184050024
Epoch :  860 Train time :  0.0757125498726964  Rel. Train L2 Loss :  0.0007217650255188346  Rel. Test L2 Loss :  0.0011810793913900853  Test L2 Loss :  0.0006771751423366367
Epoch :  870 Train time :  0.07573949163779617  Rel. Train L2 Loss :  0.0007003162261098624  Rel. Test L2 Loss :  0.0010061992239207029  Test L2 Loss :  0.0006188335851766169
Epoch :  880 Train time :  0.07576221209019422  Rel. Train L2 Loss :  0.0006708417162299156  Rel. Test L2 Loss :  0.0010767233418300748  Test L2 Loss :  0.0006606731470674276
Epoch :  890 Train time :  0.07565040085464717  Rel. Train L2 Loss :  0.000660020425915718  Rel. Test L2 Loss :  0.0010394915100187063  Test L2 Loss :  0.0006553517049178481
Epoch :  900 Train time :  0.0756630570627749  Rel. Train L2 Loss :  0.0005612198216840624  Rel. Test L2 Loss :  0.0009592032805085183  Test L2 Loss :  0.000601471841800958
Epoch :  910 Train time :  0.07559953406453132  Rel. Train L2 Loss :  0.0005546987913548947  Rel. Test L2 Loss :  0.0009046665113419295  Test L2 Loss :  0.0005763330706395209
Epoch :  920 Train time :  0.07563265664502979  Rel. Train L2 Loss :  0.0005441553508862854  Rel. Test L2 Loss :  0.0009372110897675157  Test L2 Loss :  0.0005881771538406611
Epoch :  930 Train time :  0.07573654111474752  Rel. Train L2 Loss :  0.0005340662691742182  Rel. Test L2 Loss :  0.0008970625046640635  Test L2 Loss :  0.0005719857872463763
Epoch :  940 Train time :  0.0757058484479785  Rel. Train L2 Loss :  0.0005017191106453537  Rel. Test L2 Loss :  0.0008778445841744542  Test L2 Loss :  0.000563962662126869
Epoch :  950 Train time :  0.07568812780082226  Rel. Train L2 Loss :  0.0004872711161151528  Rel. Test L2 Loss :  0.0008756660576909781  Test L2 Loss :  0.0005625744047574699
Epoch :  960 Train time :  0.07568902866914869  Rel. Train L2 Loss :  0.0005031022932380438  Rel. Test L2 Loss :  0.0008760538091883063  Test L2 Loss :  0.0005633914237841964
Epoch :  970 Train time :  0.07573369136080146  Rel. Train L2 Loss :  0.0004806289146654308  Rel. Test L2 Loss :  0.000869483663700521  Test L2 Loss :  0.0005578983412124216
Epoch :  980 Train time :  0.07573238275945186  Rel. Train L2 Loss :  0.00047424353333190084  Rel. Test L2 Loss :  0.0008552068192511797  Test L2 Loss :  0.0005507879855576902
Epoch :  990 Train time :  0.07567315176129341  Rel. Train L2 Loss :  0.000474582230206579  Rel. Test L2 Loss :  0.000867646848782897  Test L2 Loss :  0.0005575444269925356
Epoch :  999 Train time :  0.07568199690431357  Rel. Train L2 Loss :  0.0004668281637132168  Rel. Test L2 Loss :  0.0008588714944198728  Test L2 Loss :  0.0005543858895543963
