data_in.shape  (2048, 8192)
data_out.shape (2048, 8192)
size of input:  1024
[1. 1. 1. ... 1. 1. 1.]
x_train.shape:  torch.Size([1000, 1024, 4])
y_train.shape:  torch.Size([1000, 1024, 1])
In GeoFNO_train, ndim =  1
Epoch :  0 Train time :  0.46756723513826726  Rel. Train L2 Loss :  0.24719799065589904  Rel. Test L2 Loss :  0.09248784422874451  Test L2 Loss :  0.04643053412437439
Epoch :  10 Train time :  0.10542134549468755  Rel. Train L2 Loss :  0.018355787798762322  Rel. Test L2 Loss :  0.023808387815952303  Test L2 Loss :  0.010485372468829156
Epoch :  20 Train time :  0.10584168881177902  Rel. Train L2 Loss :  0.013842995509505272  Rel. Test L2 Loss :  0.01052438586950302  Test L2 Loss :  0.005091991275548935
Epoch :  30 Train time :  0.10571435606107116  Rel. Train L2 Loss :  0.015662226617336274  Rel. Test L2 Loss :  0.011046878173947334  Test L2 Loss :  0.005541226342320443
Epoch :  40 Train time :  0.10610402775928378  Rel. Train L2 Loss :  0.016683460980653764  Rel. Test L2 Loss :  0.017799817323684693  Test L2 Loss :  0.008843382969498634
Epoch :  50 Train time :  0.10645288955420255  Rel. Train L2 Loss :  0.0153454470038414  Rel. Test L2 Loss :  0.013331019654870033  Test L2 Loss :  0.005886441096663475
Epoch :  60 Train time :  0.1065065696835518  Rel. Train L2 Loss :  0.022399379402399062  Rel. Test L2 Loss :  0.01630345165729523  Test L2 Loss :  0.007488438859581947
Epoch :  70 Train time :  0.10535042388364672  Rel. Train L2 Loss :  0.016013905942440034  Rel. Test L2 Loss :  0.016220074743032456  Test L2 Loss :  0.008333651870489121
Epoch :  80 Train time :  0.10535620795562864  Rel. Train L2 Loss :  0.017249592155218124  Rel. Test L2 Loss :  0.019554163813591003  Test L2 Loss :  0.008433172404766083
Epoch :  90 Train time :  0.10657033678144216  Rel. Train L2 Loss :  0.018333149164915085  Rel. Test L2 Loss :  0.013462084755301475  Test L2 Loss :  0.0062791725620627405
Epoch :  100 Train time :  0.10762007413432002  Rel. Train L2 Loss :  0.013994079530239106  Rel. Test L2 Loss :  0.014875396490097045  Test L2 Loss :  0.006880262419581413
Epoch :  110 Train time :  0.10668619116768241  Rel. Train L2 Loss :  0.014387662932276725  Rel. Test L2 Loss :  0.010972564592957496  Test L2 Loss :  0.0052675121277570725
Epoch :  120 Train time :  0.10577207384631038  Rel. Train L2 Loss :  0.013312802091240883  Rel. Test L2 Loss :  0.011198159456253052  Test L2 Loss :  0.0057426514476537705
Epoch :  130 Train time :  0.10650614714249969  Rel. Train L2 Loss :  0.013291434168815612  Rel. Test L2 Loss :  0.01777237296104431  Test L2 Loss :  0.00844018429517746
Epoch :  140 Train time :  0.1059908808209002  Rel. Train L2 Loss :  0.014789030760526657  Rel. Test L2 Loss :  0.01533433899283409  Test L2 Loss :  0.0070786323025822636
Epoch :  150 Train time :  0.10579917673021555  Rel. Train L2 Loss :  0.010512729704380035  Rel. Test L2 Loss :  0.00892648495733738  Test L2 Loss :  0.004355049170553685
Epoch :  160 Train time :  0.10630105109885335  Rel. Train L2 Loss :  0.010387340396642684  Rel. Test L2 Loss :  0.010530572086572647  Test L2 Loss :  0.004761506989598274
Epoch :  170 Train time :  0.10575754893943667  Rel. Train L2 Loss :  0.01174573653936386  Rel. Test L2 Loss :  0.011561379954218864  Test L2 Loss :  0.005391696803271771
Epoch :  180 Train time :  0.10611758772283793  Rel. Train L2 Loss :  0.013739483714103698  Rel. Test L2 Loss :  0.01699532359838486  Test L2 Loss :  0.008352429419755936
Epoch :  190 Train time :  0.10507333539426326  Rel. Train L2 Loss :  0.010424300640821458  Rel. Test L2 Loss :  0.01199824944138527  Test L2 Loss :  0.005665487200021743
Epoch :  200 Train time :  0.10525693641975523  Rel. Train L2 Loss :  0.00761604992300272  Rel. Test L2 Loss :  0.007920474708080293  Test L2 Loss :  0.0038495147973299027
Epoch :  210 Train time :  0.1061401349492371  Rel. Train L2 Loss :  0.009370989203453063  Rel. Test L2 Loss :  0.009159564822912216  Test L2 Loss :  0.004418251812458038
Epoch :  220 Train time :  0.10507728047668934  Rel. Train L2 Loss :  0.008290466330945491  Rel. Test L2 Loss :  0.008350701630115509  Test L2 Loss :  0.004394746161997318
Epoch :  230 Train time :  0.10587765425443649  Rel. Train L2 Loss :  0.007546395599842072  Rel. Test L2 Loss :  0.008950967937707902  Test L2 Loss :  0.004529729671776295
Epoch :  240 Train time :  0.10657995939254761  Rel. Train L2 Loss :  0.006897758461534977  Rel. Test L2 Loss :  0.005835970267653466  Test L2 Loss :  0.0031083614192903043
Epoch :  250 Train time :  0.1056878744624555  Rel. Train L2 Loss :  0.00777920550853014  Rel. Test L2 Loss :  0.009000475332140923  Test L2 Loss :  0.004378909505903721
Epoch :  260 Train time :  0.10533903241157531  Rel. Train L2 Loss :  0.005872323706746101  Rel. Test L2 Loss :  0.007730207145214081  Test L2 Loss :  0.003914269842207432
Epoch :  270 Train time :  0.1050942207686603  Rel. Train L2 Loss :  0.005315875358879566  Rel. Test L2 Loss :  0.005941497310996056  Test L2 Loss :  0.0028482786938548088
Epoch :  280 Train time :  0.10542325777933001  Rel. Train L2 Loss :  0.005290603712201119  Rel. Test L2 Loss :  0.007384856790304184  Test L2 Loss :  0.003538830317556858
Epoch :  290 Train time :  0.10466753635555506  Rel. Train L2 Loss :  0.005214469633996487  Rel. Test L2 Loss :  0.006854184903204441  Test L2 Loss :  0.003584395609796047
Epoch :  300 Train time :  0.10492063481360674  Rel. Train L2 Loss :  0.004596646092832089  Rel. Test L2 Loss :  0.004557635560631752  Test L2 Loss :  0.0022049456275999545
Epoch :  310 Train time :  0.09757884358987212  Rel. Train L2 Loss :  0.0034392124712467192  Rel. Test L2 Loss :  0.005224381387233734  Test L2 Loss :  0.0025970269925892353
Epoch :  320 Train time :  0.0974378364160657  Rel. Train L2 Loss :  0.003595370352268219  Rel. Test L2 Loss :  0.003498337473720312  Test L2 Loss :  0.0017856230959296226
Epoch :  330 Train time :  0.09604329485446214  Rel. Train L2 Loss :  0.003575118575245142  Rel. Test L2 Loss :  0.004448163770139218  Test L2 Loss :  0.0021778218261897563
Epoch :  340 Train time :  0.09770143898203969  Rel. Train L2 Loss :  0.0028601330406963824  Rel. Test L2 Loss :  0.002940248437225819  Test L2 Loss :  0.0015136460401117802
Epoch :  350 Train time :  0.09766698367893696  Rel. Train L2 Loss :  0.002625373665243387  Rel. Test L2 Loss :  0.0031990304961800574  Test L2 Loss :  0.0016484483052045106
Epoch :  360 Train time :  0.09617337742820382  Rel. Train L2 Loss :  0.0022960804216563702  Rel. Test L2 Loss :  0.0025166056491434576  Test L2 Loss :  0.0013451055902987718
Epoch :  370 Train time :  0.09612867068499327  Rel. Train L2 Loss :  0.0022518569380044935  Rel. Test L2 Loss :  0.003164978567510843  Test L2 Loss :  0.001586592411622405
Epoch :  380 Train time :  0.09783683298155665  Rel. Train L2 Loss :  0.001726009638980031  Rel. Test L2 Loss :  0.0023533406108617785  Test L2 Loss :  0.0012597036827355624
Epoch :  390 Train time :  0.09791116127744318  Rel. Train L2 Loss :  0.001779460558667779  Rel. Test L2 Loss :  0.0023781818710267542  Test L2 Loss :  0.0012925193551927806
Epoch :  400 Train time :  0.09762831693515181  Rel. Train L2 Loss :  0.00124070493131876  Rel. Test L2 Loss :  0.0017008223105221987  Test L2 Loss :  0.0009659510850906372
Epoch :  410 Train time :  0.09637127732858061  Rel. Train L2 Loss :  0.0011709098499268294  Rel. Test L2 Loss :  0.001578558636829257  Test L2 Loss :  0.0009353225165978074
Epoch :  420 Train time :  0.09615118689835071  Rel. Train L2 Loss :  0.001128758443519473  Rel. Test L2 Loss :  0.0016705808229744434  Test L2 Loss :  0.0009389290027320385
Epoch :  430 Train time :  0.09784911787137389  Rel. Train L2 Loss :  0.0010420029442757368  Rel. Test L2 Loss :  0.0013242956902831792  Test L2 Loss :  0.000776449772529304
Epoch :  440 Train time :  0.09757246663793921  Rel. Train L2 Loss :  0.0007389280321076512  Rel. Test L2 Loss :  0.0011404803674668073  Test L2 Loss :  0.0006897505512461066
Epoch :  450 Train time :  0.09788463218137622  Rel. Train L2 Loss :  0.0006788148749619723  Rel. Test L2 Loss :  0.0010905985813587904  Test L2 Loss :  0.0006660444941371679
Epoch :  460 Train time :  0.09611915405839681  Rel. Train L2 Loss :  0.0006436554286628961  Rel. Test L2 Loss :  0.0010422206344082952  Test L2 Loss :  0.000650914863217622
Epoch :  470 Train time :  0.09641770850867033  Rel. Train L2 Loss :  0.0005627228477969766  Rel. Test L2 Loss :  0.001005354025401175  Test L2 Loss :  0.0006294392584823071
Epoch :  480 Train time :  0.09813802698627114  Rel. Train L2 Loss :  0.0005392013154923915  Rel. Test L2 Loss :  0.0009969637682661415  Test L2 Loss :  0.0006258737575262785
Epoch :  490 Train time :  0.09794317344203592  Rel. Train L2 Loss :  0.0005229036984965205  Rel. Test L2 Loss :  0.0009917601943016051  Test L2 Loss :  0.0006214497843757272
Epoch :  499 Train time :  0.09773006299510598  Rel. Train L2 Loss :  0.000518921460956335  Rel. Test L2 Loss :  0.000980801577679813  Test L2 Loss :  0.0006173513852991163
