data_in.shape  (2048, 8192)
data_out.shape (2048, 8192)
size of input:  794
[1. 1. 0. ... 1. 1. 1.]
x_train.shape:  torch.Size([1000, 1024, 4])
y_train.shape:  torch.Size([1000, 1024, 1])
In GeoFNO_train, ndim =  1
Epoch :  0 Train time :  1.4328486726619303  Rel. Train L2 Loss :  0.2641206730604172  Rel. Test L2 Loss :  0.09279948949813843  Test L2 Loss :  0.04557784527540207
Epoch :  10 Train time :  0.08494692156091332  Rel. Train L2 Loss :  0.014500319331884384  Rel. Test L2 Loss :  0.013037529811263084  Test L2 Loss :  0.006058536060154438
Epoch :  20 Train time :  0.08471419177949428  Rel. Train L2 Loss :  0.012017634078860282  Rel. Test L2 Loss :  0.013611259907484054  Test L2 Loss :  0.006751937381923198
Epoch :  30 Train time :  0.08482795171439647  Rel. Train L2 Loss :  0.012425477981567384  Rel. Test L2 Loss :  0.012838732302188873  Test L2 Loss :  0.006092867068946362
Epoch :  40 Train time :  0.08503378657624125  Rel. Train L2 Loss :  0.010088997542858124  Rel. Test L2 Loss :  0.015924603044986725  Test L2 Loss :  0.007050096727907657
Epoch :  50 Train time :  0.08499797862023115  Rel. Train L2 Loss :  0.010379413798451424  Rel. Test L2 Loss :  0.01262475423514843  Test L2 Loss :  0.005890591815114021
Epoch :  60 Train time :  0.08487746650353074  Rel. Train L2 Loss :  0.011180783450603485  Rel. Test L2 Loss :  0.011958908066153526  Test L2 Loss :  0.005502981543540955
Epoch :  70 Train time :  0.08567071733996272  Rel. Train L2 Loss :  0.01375937020778656  Rel. Test L2 Loss :  0.017746824473142624  Test L2 Loss :  0.008090903535485267
Epoch :  80 Train time :  0.08537030732259154  Rel. Train L2 Loss :  0.013970910981297492  Rel. Test L2 Loss :  0.012447131648659706  Test L2 Loss :  0.006272636391222477
Epoch :  90 Train time :  0.08669202700257302  Rel. Train L2 Loss :  0.010632027685642243  Rel. Test L2 Loss :  0.01633917212486267  Test L2 Loss :  0.007832762822508811
Epoch :  100 Train time :  0.08491911171004177  Rel. Train L2 Loss :  0.012430376678705215  Rel. Test L2 Loss :  0.017294606417417525  Test L2 Loss :  0.007964709922671318
Epoch :  110 Train time :  0.08565417556092143  Rel. Train L2 Loss :  0.010487491190433502  Rel. Test L2 Loss :  0.009649285897612572  Test L2 Loss :  0.004678768143057823
Epoch :  120 Train time :  0.08500551711767912  Rel. Train L2 Loss :  0.014048790231347084  Rel. Test L2 Loss :  0.00918022908270359  Test L2 Loss :  0.0043654125183820724
Epoch :  130 Train time :  0.08498157262802124  Rel. Train L2 Loss :  0.014853033274412154  Rel. Test L2 Loss :  0.022058982849121094  Test L2 Loss :  0.009594151005148887
Epoch :  140 Train time :  0.08492217911407351  Rel. Train L2 Loss :  0.012132446363568306  Rel. Test L2 Loss :  0.017148490697145462  Test L2 Loss :  0.007559185326099396
Epoch :  150 Train time :  0.08504675133153797  Rel. Train L2 Loss :  0.014790383234620095  Rel. Test L2 Loss :  0.01613510087132454  Test L2 Loss :  0.007176365107297898
Epoch :  160 Train time :  0.08484894298017025  Rel. Train L2 Loss :  0.01620147566497326  Rel. Test L2 Loss :  0.01109503947198391  Test L2 Loss :  0.005340276211500168
Epoch :  170 Train time :  0.08481176691129803  Rel. Train L2 Loss :  0.016955293253064156  Rel. Test L2 Loss :  0.012520896717905999  Test L2 Loss :  0.006499372087419033
Epoch :  180 Train time :  0.084998485352844  Rel. Train L2 Loss :  0.012903570801019669  Rel. Test L2 Loss :  0.008824355751276016  Test L2 Loss :  0.004250177890062332
Epoch :  190 Train time :  0.08498973762616516  Rel. Train L2 Loss :  0.011387389466166496  Rel. Test L2 Loss :  0.02037331148982048  Test L2 Loss :  0.009546136260032654
Epoch :  200 Train time :  0.08524430822581053  Rel. Train L2 Loss :  0.011600688174366951  Rel. Test L2 Loss :  0.008740773275494575  Test L2 Loss :  0.004294229336082935
Epoch :  210 Train time :  0.08566091321408749  Rel. Train L2 Loss :  0.015250637397170067  Rel. Test L2 Loss :  0.011437812969088555  Test L2 Loss :  0.006389837600290775
Epoch :  220 Train time :  0.08588196411728859  Rel. Train L2 Loss :  0.011606243312358856  Rel. Test L2 Loss :  0.010334141328930855  Test L2 Loss :  0.004916589111089707
Epoch :  230 Train time :  0.08602190902456641  Rel. Train L2 Loss :  0.010896955922245979  Rel. Test L2 Loss :  0.01217164345085621  Test L2 Loss :  0.00605318270623684
Epoch :  240 Train time :  0.08561285948380828  Rel. Train L2 Loss :  0.010917758636176587  Rel. Test L2 Loss :  0.010566389486193657  Test L2 Loss :  0.005153050273656845
Epoch :  250 Train time :  0.0856487882323563  Rel. Train L2 Loss :  0.01067202416062355  Rel. Test L2 Loss :  0.016773153692483903  Test L2 Loss :  0.007849430069327354
Epoch :  260 Train time :  0.0848897634074092  Rel. Train L2 Loss :  0.008449011772871018  Rel. Test L2 Loss :  0.008452537134289742  Test L2 Loss :  0.004269353300333023
Epoch :  270 Train time :  0.0848825647495687  Rel. Train L2 Loss :  0.00929470781236887  Rel. Test L2 Loss :  0.012860750705003738  Test L2 Loss :  0.006365939974784851
Epoch :  280 Train time :  0.08488262537866831  Rel. Train L2 Loss :  0.008187453277409077  Rel. Test L2 Loss :  0.008891219049692154  Test L2 Loss :  0.004364364519715309
Epoch :  290 Train time :  0.08499043164774775  Rel. Train L2 Loss :  0.00814441566169262  Rel. Test L2 Loss :  0.0073603130131959914  Test L2 Loss :  0.0035059475153684616
Epoch :  300 Train time :  0.08477471442893147  Rel. Train L2 Loss :  0.010241449296474458  Rel. Test L2 Loss :  0.006482676826417446  Test L2 Loss :  0.0031625904701650144
Epoch :  310 Train time :  0.08459953647106885  Rel. Train L2 Loss :  0.01067823450267315  Rel. Test L2 Loss :  0.00718398317694664  Test L2 Loss :  0.003602277263998985
Epoch :  320 Train time :  0.08599137626588345  Rel. Train L2 Loss :  0.008798322163522243  Rel. Test L2 Loss :  0.00984889805316925  Test L2 Loss :  0.004856981374323368
Epoch :  330 Train time :  0.08503895187750458  Rel. Train L2 Loss :  0.007994956113398075  Rel. Test L2 Loss :  0.007237364873290062  Test L2 Loss :  0.0036345117352902887
Epoch :  340 Train time :  0.08549504596740007  Rel. Train L2 Loss :  0.009339536011219025  Rel. Test L2 Loss :  0.006696478240191936  Test L2 Loss :  0.003198481611907482
Epoch :  350 Train time :  0.08507922831922769  Rel. Train L2 Loss :  0.009211743623018265  Rel. Test L2 Loss :  0.006492087692022324  Test L2 Loss :  0.0031204181909561157
Epoch :  360 Train time :  0.08477735565975308  Rel. Train L2 Loss :  0.009056267626583576  Rel. Test L2 Loss :  0.0076891941577196124  Test L2 Loss :  0.0041462196782231335
Epoch :  370 Train time :  0.08487107027322054  Rel. Train L2 Loss :  0.008102157846093179  Rel. Test L2 Loss :  0.010844606906175613  Test L2 Loss :  0.004928498156368732
Epoch :  380 Train time :  0.08489160314202308  Rel. Train L2 Loss :  0.007635238371789455  Rel. Test L2 Loss :  0.005769923105835914  Test L2 Loss :  0.0028881657868623733
Epoch :  390 Train time :  0.08479554615914822  Rel. Train L2 Loss :  0.0062621250972151755  Rel. Test L2 Loss :  0.006967436596751213  Test L2 Loss :  0.003374070283025503
Epoch :  400 Train time :  0.08510949313640595  Rel. Train L2 Loss :  0.00553847449272871  Rel. Test L2 Loss :  0.006681875176727772  Test L2 Loss :  0.00334628252312541
Epoch :  410 Train time :  0.08487727716565133  Rel. Train L2 Loss :  0.006403690882027149  Rel. Test L2 Loss :  0.0056170191615819934  Test L2 Loss :  0.002982096876949072
Epoch :  420 Train time :  0.08479176731780172  Rel. Train L2 Loss :  0.005827958591282368  Rel. Test L2 Loss :  0.007077730000019073  Test L2 Loss :  0.0035180342197418213
Epoch :  430 Train time :  0.08484133370220662  Rel. Train L2 Loss :  0.006441140875220299  Rel. Test L2 Loss :  0.006294307671487332  Test L2 Loss :  0.0030859758891165255
Epoch :  440 Train time :  0.08476851200684905  Rel. Train L2 Loss :  0.006800852313637733  Rel. Test L2 Loss :  0.006057790704071522  Test L2 Loss :  0.0028861464746296407
Epoch :  450 Train time :  0.08477396797388792  Rel. Train L2 Loss :  0.006229079492390156  Rel. Test L2 Loss :  0.00443824652582407  Test L2 Loss :  0.0021493337862193585
Epoch :  460 Train time :  0.08490538140758871  Rel. Train L2 Loss :  0.0051691122502088545  Rel. Test L2 Loss :  0.004559216871857643  Test L2 Loss :  0.002346069645136595
Epoch :  470 Train time :  0.08458704147487879  Rel. Train L2 Loss :  0.004699493627995253  Rel. Test L2 Loss :  0.004260039813816547  Test L2 Loss :  0.0021422414015978574
Epoch :  480 Train time :  0.0845424210652709  Rel. Train L2 Loss :  0.0051816323660314086  Rel. Test L2 Loss :  0.0054850435629487035  Test L2 Loss :  0.0027886890061199665
Epoch :  490 Train time :  0.08482759706676006  Rel. Train L2 Loss :  0.006136123284697532  Rel. Test L2 Loss :  0.00847846917808056  Test L2 Loss :  0.004715522080659867
Epoch :  500 Train time :  0.08465998833999037  Rel. Train L2 Loss :  0.00524546866118908  Rel. Test L2 Loss :  0.004592759124934673  Test L2 Loss :  0.002275661528110504
Epoch :  510 Train time :  0.08480112329125404  Rel. Train L2 Loss :  0.00630137649923563  Rel. Test L2 Loss :  0.0076104564964771275  Test L2 Loss :  0.0038904641196131707
Epoch :  520 Train time :  0.08569757146760822  Rel. Train L2 Loss :  0.00399371412396431  Rel. Test L2 Loss :  0.004703090898692608  Test L2 Loss :  0.0023503086343407632
Epoch :  530 Train time :  0.08661637511104345  Rel. Train L2 Loss :  0.004360407657921314  Rel. Test L2 Loss :  0.004497458450496197  Test L2 Loss :  0.0022813194431364537
Epoch :  540 Train time :  0.08584289820864796  Rel. Train L2 Loss :  0.0037792099267244337  Rel. Test L2 Loss :  0.007880883142352104  Test L2 Loss :  0.0042225771583616735
Epoch :  550 Train time :  0.08713945271447301  Rel. Train L2 Loss :  0.004678167156875133  Rel. Test L2 Loss :  0.0055011756345629695  Test L2 Loss :  0.0026241255924105643
Epoch :  560 Train time :  0.08571351626887917  Rel. Train L2 Loss :  0.0036889030188322065  Rel. Test L2 Loss :  0.005111038610339165  Test L2 Loss :  0.0027921345084905625
Epoch :  570 Train time :  0.08601366011425852  Rel. Train L2 Loss :  0.00433865313231945  Rel. Test L2 Loss :  0.0037175564281642435  Test L2 Loss :  0.0020166719891130925
Epoch :  580 Train time :  0.08535780785605311  Rel. Train L2 Loss :  0.003999827932566404  Rel. Test L2 Loss :  0.0032949277758598326  Test L2 Loss :  0.0017926359549164772
Epoch :  590 Train time :  0.08546836208552122  Rel. Train L2 Loss :  0.0033783373087644575  Rel. Test L2 Loss :  0.004473614506423473  Test L2 Loss :  0.0021941448748111726
Epoch :  600 Train time :  0.08558702133595944  Rel. Train L2 Loss :  0.004344558540731669  Rel. Test L2 Loss :  0.003284288551658392  Test L2 Loss :  0.0017072612885385753
Epoch :  610 Train time :  0.08582380125299097  Rel. Train L2 Loss :  0.0030036485940217973  Rel. Test L2 Loss :  0.0032542665489017964  Test L2 Loss :  0.0016813831403851508
Epoch :  620 Train time :  0.08589330362156034  Rel. Train L2 Loss :  0.003050484724342823  Rel. Test L2 Loss :  0.0038378626108169557  Test L2 Loss :  0.0019759250618517398
Epoch :  630 Train time :  0.08577304715290665  Rel. Train L2 Loss :  0.002585373871028423  Rel. Test L2 Loss :  0.002449001781642437  Test L2 Loss :  0.0013255407754331828
Epoch :  640 Train time :  0.08563175648450852  Rel. Train L2 Loss :  0.0028690950088202955  Rel. Test L2 Loss :  0.003328513540327549  Test L2 Loss :  0.0017750624753534794
Epoch :  650 Train time :  0.08572948947548867  Rel. Train L2 Loss :  0.002918108209967613  Rel. Test L2 Loss :  0.0033348650485277177  Test L2 Loss :  0.0017302253004163504
Epoch :  660 Train time :  0.0855525211431086  Rel. Train L2 Loss :  0.0021821100860834122  Rel. Test L2 Loss :  0.0032879106141626836  Test L2 Loss :  0.0016731816064566374
Epoch :  670 Train time :  0.08555642403662204  Rel. Train L2 Loss :  0.0024055066406726837  Rel. Test L2 Loss :  0.0031644332036375998  Test L2 Loss :  0.0017085300758481025
Epoch :  680 Train time :  0.08556474298238755  Rel. Train L2 Loss :  0.001839045286178589  Rel. Test L2 Loss :  0.0022270782105624676  Test L2 Loss :  0.0012310664728283883
Epoch :  690 Train time :  0.0848749216645956  Rel. Train L2 Loss :  0.0020496461279690265  Rel. Test L2 Loss :  0.0018814721517264844  Test L2 Loss :  0.0010385898360982537
Epoch :  700 Train time :  0.08495688457041979  Rel. Train L2 Loss :  0.002352912649512291  Rel. Test L2 Loss :  0.0026768225245177744  Test L2 Loss :  0.0013575220573693514
Epoch :  710 Train time :  0.08496321318671107  Rel. Train L2 Loss :  0.0022724432349205017  Rel. Test L2 Loss :  0.002638287376612425  Test L2 Loss :  0.0013991828169673682
Epoch :  720 Train time :  0.08542864350602031  Rel. Train L2 Loss :  0.0015715931281447412  Rel. Test L2 Loss :  0.002075780928134918  Test L2 Loss :  0.0011598434392362832
Epoch :  730 Train time :  0.0854048676788807  Rel. Train L2 Loss :  0.0018119807913899422  Rel. Test L2 Loss :  0.002343696691095829  Test L2 Loss :  0.001290615163743496
Epoch :  740 Train time :  0.08543167999014259  Rel. Train L2 Loss :  0.0017188215740025043  Rel. Test L2 Loss :  0.0015569727681577206  Test L2 Loss :  0.0009311305172741413
Epoch :  750 Train time :  0.08564833337441087  Rel. Train L2 Loss :  0.0013476377818733454  Rel. Test L2 Loss :  0.001780901812016964  Test L2 Loss :  0.0010296287434175611
Epoch :  760 Train time :  0.08557647969573737  Rel. Train L2 Loss :  0.0013541058655828237  Rel. Test L2 Loss :  0.0017006009723991155  Test L2 Loss :  0.0009611589647829532
Epoch :  770 Train time :  0.08559412974864244  Rel. Train L2 Loss :  0.0011551338601857423  Rel. Test L2 Loss :  0.001628917846828699  Test L2 Loss :  0.000974959465675056
Epoch :  780 Train time :  0.0857302219606936  Rel. Train L2 Loss :  0.001397042851895094  Rel. Test L2 Loss :  0.0016351304110139608  Test L2 Loss :  0.0009450572729110718
Epoch :  790 Train time :  0.0856175784021616  Rel. Train L2 Loss :  0.0012617046236991882  Rel. Test L2 Loss :  0.0014142297953367233  Test L2 Loss :  0.0008452345803380012
Epoch :  800 Train time :  0.086565104406327  Rel. Train L2 Loss :  0.0010599101781845093  Rel. Test L2 Loss :  0.0012825857568532228  Test L2 Loss :  0.0007932722312398255
Epoch :  810 Train time :  0.08478374164551497  Rel. Train L2 Loss :  0.0009780622189864516  Rel. Test L2 Loss :  0.001407053219154477  Test L2 Loss :  0.0008204098464921117
Epoch :  820 Train time :  0.08600271055474877  Rel. Train L2 Loss :  0.000917498311959207  Rel. Test L2 Loss :  0.0012319802958518267  Test L2 Loss :  0.0007672786829061806
Epoch :  830 Train time :  0.08491979381069541  Rel. Train L2 Loss :  0.0008846026854589581  Rel. Test L2 Loss :  0.001142399008385837  Test L2 Loss :  0.0007229489902965725
Epoch :  840 Train time :  0.08531044833362103  Rel. Train L2 Loss :  0.0009474148126319051  Rel. Test L2 Loss :  0.001338585764169693  Test L2 Loss :  0.00080067896284163
Epoch :  850 Train time :  0.08494231915101409  Rel. Train L2 Loss :  0.0006904252618551254  Rel. Test L2 Loss :  0.001100461371243  Test L2 Loss :  0.0006889713811688125
Epoch :  860 Train time :  0.08515167776495218  Rel. Train L2 Loss :  0.0006655026078224183  Rel. Test L2 Loss :  0.0010604088893160224  Test L2 Loss :  0.0006696964567527175
Epoch :  870 Train time :  0.08500468526035547  Rel. Train L2 Loss :  0.0006834457172080875  Rel. Test L2 Loss :  0.0011486603925004602  Test L2 Loss :  0.0007043763087131083
Epoch :  880 Train time :  0.08490015231072903  Rel. Train L2 Loss :  0.0006424958640709519  Rel. Test L2 Loss :  0.0010638216184452175  Test L2 Loss :  0.0006768599012866617
Epoch :  890 Train time :  0.08500986220315099  Rel. Train L2 Loss :  0.0006437508631497622  Rel. Test L2 Loss :  0.001001769327558577  Test L2 Loss :  0.0006444130558520555
Epoch :  900 Train time :  0.08482352755963803  Rel. Train L2 Loss :  0.0005538202598690987  Rel. Test L2 Loss :  0.0009683768125250936  Test L2 Loss :  0.0006308273877948523
Epoch :  910 Train time :  0.08488894877955318  Rel. Train L2 Loss :  0.0005733414087444544  Rel. Test L2 Loss :  0.000997159038670361  Test L2 Loss :  0.0006485377601347864
Epoch :  920 Train time :  0.08451953586190938  Rel. Train L2 Loss :  0.0005094483941793441  Rel. Test L2 Loss :  0.0009462925512343645  Test L2 Loss :  0.0006214065453968942
Epoch :  930 Train time :  0.08489611241966485  Rel. Train L2 Loss :  0.0005092305075377226  Rel. Test L2 Loss :  0.0009278564993292093  Test L2 Loss :  0.0006154308980330825
Epoch :  940 Train time :  0.08480319203808903  Rel. Train L2 Loss :  0.0004873452987521887  Rel. Test L2 Loss :  0.0009090057760477066  Test L2 Loss :  0.0006076051387935877
Epoch :  950 Train time :  0.08479444133117794  Rel. Train L2 Loss :  0.00046193184331059454  Rel. Test L2 Loss :  0.000898151183500886  Test L2 Loss :  0.0006006576889194548
Epoch :  960 Train time :  0.0854479979723692  Rel. Train L2 Loss :  0.0004579044436104596  Rel. Test L2 Loss :  0.0008980328356847167  Test L2 Loss :  0.0006013044761493802
Epoch :  970 Train time :  0.08542183106765151  Rel. Train L2 Loss :  0.0004520908910781145  Rel. Test L2 Loss :  0.0009104700991883874  Test L2 Loss :  0.0006019916362129152
Epoch :  980 Train time :  0.08470478346571327  Rel. Train L2 Loss :  0.00044373309705406425  Rel. Test L2 Loss :  0.0008893288159742952  Test L2 Loss :  0.0005973301245830953
Epoch :  990 Train time :  0.0848247024230659  Rel. Train L2 Loss :  0.00044387093372642996  Rel. Test L2 Loss :  0.0008880350366234779  Test L2 Loss :  0.0005969654605723917
Epoch :  999 Train time :  0.08501071855425835  Rel. Train L2 Loss :  0.00044033341063186526  Rel. Test L2 Loss :  0.0008858102094382047  Test L2 Loss :  0.0005954839731566608
